0 info it worked if it ends with ok
1 verbose cli [ '/usr/local/bin/node',
1 verbose cli   '/usr/local/bin/npm',
1 verbose cli   'install',
1 verbose cli   '-g',
1 verbose cli   'mocha' ]
2 info using npm@2.14.3
3 info using node@v5.0.0-pre
4 verbose install initial load of /usr/local/lib/package.json
5 verbose readDependencies loading dependencies from /usr/local/lib/package.json
6 silly cache add args [ 'mocha', null ]
7 verbose cache add spec mocha
8 silly cache add parsed spec Result {
8 silly cache add   raw: 'mocha',
8 silly cache add   scope: null,
8 silly cache add   name: 'mocha',
8 silly cache add   rawSpec: '',
8 silly cache add   spec: '*',
8 silly cache add   type: 'range' }
9 silly addNamed mocha@*
10 verbose addNamed "*" is a valid semver range for mocha
11 silly addNameRange { name: 'mocha', range: '*', hasData: false }
12 silly mapToRegistry name mocha
13 silly mapToRegistry using default registry
14 silly mapToRegistry registry https://registry.npmjs.org/
15 silly mapToRegistry uri https://registry.npmjs.org/mocha
16 verbose addNameRange registry:https://registry.npmjs.org/mocha not in flight; fetching
17 verbose request uri https://registry.npmjs.org/mocha
18 verbose request no auth needed
19 info attempt registry request try #1 at 11:46:54
20 verbose request id 09ac7818aac629cc
21 http request GET https://registry.npmjs.org/mocha
22 http 200 https://registry.npmjs.org/mocha
23 silly get cb [ 200,
23 silly get   { server: 'CouchDB/1.5.0 (Erlang OTP/R16B03)',
23 silly get     etag: '"A0GKVUXX2ZI35E181XE7VQM94"',
23 silly get     'content-type': 'application/json',
23 silly get     'cache-control': 'max-age=60',
23 silly get     'content-length': '172800',
23 silly get     'accept-ranges': 'bytes',
23 silly get     date: 'Thu, 17 Sep 2015 23:46:54 GMT',
23 silly get     via: '1.1 varnish',
23 silly get     age: '0',
23 silly get     connection: 'keep-alive',
23 silly get     'x-served-by': 'cache-akl6420-AKL',
23 silly get     'x-cache': 'HIT',
23 silly get     'x-cache-hits': '1',
23 silly get     'x-timer': 'S1442533614.538376,VS0,VE211',
23 silly get     vary: 'Accept' } ]
24 verbose get saving mocha to /home/finn/.npm/registry.npmjs.org/mocha/.cache.json
25 silly addNameRange number 2 { name: 'mocha', range: '*', hasData: true }
26 silly addNameRange versions [ 'mocha',
26 silly addNameRange   [ '0.0.1-alpha1',
26 silly addNameRange     '0.0.1-alpha2',
26 silly addNameRange     '0.0.1-alpha3',
26 silly addNameRange     '0.0.1-alpha4',
26 silly addNameRange     '0.0.1-alpha5',
26 silly addNameRange     '0.0.1-alpha6',
26 silly addNameRange     '0.0.1',
26 silly addNameRange     '0.0.2',
26 silly addNameRange     '0.0.3',
26 silly addNameRange     '0.0.4',
26 silly addNameRange     '0.0.5',
26 silly addNameRange     '0.0.6',
26 silly addNameRange     '0.0.7',
26 silly addNameRange     '0.0.8',
26 silly addNameRange     '0.1.0',
26 silly addNameRange     '0.2.0',
26 silly addNameRange     '0.3.0',
26 silly addNameRange     '0.3.1',
26 silly addNameRange     '0.3.2',
26 silly addNameRange     '0.3.3',
26 silly addNameRange     '0.3.4',
26 silly addNameRange     '0.3.6',
26 silly addNameRange     '0.4.0',
26 silly addNameRange     '0.5.0',
26 silly addNameRange     '0.6.0',
26 silly addNameRange     '0.7.0',
26 silly addNameRange     '0.7.1',
26 silly addNameRange     '0.8.0',
26 silly addNameRange     '0.8.1',
26 silly addNameRange     '0.9.0',
26 silly addNameRange     '0.10.0',
26 silly addNameRange     '0.10.1',
26 silly addNameRange     '0.10.2',
26 silly addNameRange     '0.11.0',
26 silly addNameRange     '0.12.0',
26 silly addNameRange     '0.12.1',
26 silly addNameRange     '0.13.0',
26 silly addNameRange     '0.14.0',
26 silly addNameRange     '0.14.1',
26 silly addNameRange     '1.0.0',
26 silly addNameRange     '1.0.1',
26 silly addNameRange     '1.0.2',
26 silly addNameRange     '1.0.3',
26 silly addNameRange     '1.1.0',
26 silly addNameRange     '1.2.0',
26 silly addNameRange     '1.2.1',
26 silly addNameRange     '1.2.2',
26 silly addNameRange     '1.3.0',
26 silly addNameRange     '1.3.1',
26 silly addNameRange     '1.3.2',
26 silly addNameRange     '1.4.0',
26 silly addNameRange     '1.4.1',
26 silly addNameRange     '1.4.2',
26 silly addNameRange     '1.4.3',
26 silly addNameRange     '1.5.0',
26 silly addNameRange     '1.6.0',
26 silly addNameRange     '1.7.0',
26 silly addNameRange     '1.7.1',
26 silly addNameRange     '1.7.2',
26 silly addNameRange     '1.7.3',
26 silly addNameRange     '1.7.4',
26 silly addNameRange     '1.8.0',
26 silly addNameRange     '1.8.1',
26 silly addNameRange     '1.8.2',
26 silly addNameRange     '1.9.0',
26 silly addNameRange     '1.10.0',
26 silly addNameRange     '1.11.0',
26 silly addNameRange     '1.12.0',
26 silly addNameRange     '1.12.1',
26 silly addNameRange     '1.13.0',
26 silly addNameRange     '1.14.0',
26 silly addNameRange     '1.15.0',
26 silly addNameRange     '1.15.1',
26 silly addNameRange     '1.16.0',
26 silly addNameRange     '1.16.1',
26 silly addNameRange     '1.16.2',
26 silly addNameRange     '1.17.0',
26 silly addNameRange     '1.17.1',
26 silly addNameRange     '1.18.0',
26 silly addNameRange     '1.18.1',
26 silly addNameRange     '1.18.2',
26 silly addNameRange     '1.19.0',
26 silly addNameRange     '1.20.0',
26 silly addNameRange     '1.20.1',
26 silly addNameRange     '1.21.0',
26 silly addNameRange     '1.21.1',
26 silly addNameRange     '1.21.2',
26 silly addNameRange     '1.21.3',
26 silly addNameRange     '1.21.4',
26 silly addNameRange     '1.21.5',
26 silly addNameRange     '2.0.0',
26 silly addNameRange     '2.0.1',
26 silly addNameRange     '2.1.0',
26 silly addNameRange     '2.2.0',
26 silly addNameRange     '2.2.1',
26 silly addNameRange     '2.2.3',
26 silly addNameRange     '2.2.4',
26 silly addNameRange     '2.2.5',
26 silly addNameRange     '2.3.0',
26 silly addNameRange     '2.3.1',
26 silly addNameRange     '2.3.2' ] ]
27 silly addNamed mocha@2.3.2
28 verbose addNamed "2.3.2" is a plain semver version for mocha
29 silly mapToRegistry name mocha
30 silly mapToRegistry using default registry
31 silly mapToRegistry registry https://registry.npmjs.org/
32 silly mapToRegistry uri https://registry.npmjs.org/mocha
33 verbose addRemoteTarball https://registry.npmjs.org/mocha/-/mocha-2.3.2.tgz not in flight; adding
34 verbose addRemoteTarball [ 'https://registry.npmjs.org/mocha/-/mocha-2.3.2.tgz',
34 verbose addRemoteTarball   '4cd71c4f91cb5e02e0d487b7c69db86ada6e8b83' ]
35 info retry fetch attempt 1 at 11:46:54
36 info attempt registry request try #1 at 11:46:54
37 http fetch GET https://registry.npmjs.org/mocha/-/mocha-2.3.2.tgz
38 http fetch 200 https://registry.npmjs.org/mocha/-/mocha-2.3.2.tgz
39 silly fetchAndShaCheck shasum 4cd71c4f91cb5e02e0d487b7c69db86ada6e8b83
40 verbose addTmpTarball /tmp/npm-7636-745c4c1a/registry.npmjs.org/mocha/-/mocha-2.3.2.tgz not in flight; adding
41 verbose addTmpTarball already have metadata; skipping unpack for mocha@2.3.2
42 silly cache afterAdd mocha@2.3.2
43 verbose afterAdd /home/finn/.npm/mocha/2.3.2/package/package.json not in flight; writing
44 verbose afterAdd /home/finn/.npm/mocha/2.3.2/package/package.json written
45 silly install resolved [ { name: 'mocha',
45 silly install resolved     version: '2.3.2',
45 silly install resolved     description: 'simple, flexible, fun test framework',
45 silly install resolved     keywords: [ 'mocha', 'test', 'bdd', 'tdd', 'tap' ],
45 silly install resolved     author: { name: 'TJ Holowaychuk', email: 'tj@vision-media.ca' },
45 silly install resolved     contributors:
45 silly install resolved      [ [Object],
45 silly install resolved        [Object],
45 silly install resolved        [Object],
45 silly install resolved        [Object],
45 silly install resolved        [Object],
45 silly install resolved        [Object],
45 silly install resolved        [Object],
45 silly install resolved        [Object],
45 silly install resolved        [Object],
45 silly install resolved        [Object],
45 silly install resolved        [Object],
45 silly install resolved        [Object],
45 silly install resolved        [Object],
45 silly install resolved        [Object],
45 silly install resolved        [Object],
45 silly install resolved        [Object],
45 silly install resolved        [Object],
45 silly install resolved        [Object],
45 silly install resolved        [Object],
45 silly install resolved        [Object],
45 silly install resolved        [Object],
45 silly install resolved        [Object],
45 silly install resolved        [Object],
45 silly install resolved        [Object],
45 silly install resolved        [Object],
45 silly install resolved        [Object],
45 silly install resolved        [Object],
45 silly install resolved        [Object],
45 silly install resolved        [Object],
45 silly install resolved        [Object],
45 silly install resolved        [Object],
45 silly install resolved        [Object],
45 silly install resolved        [Object],
45 silly install resolved        [Object],
45 silly install resolved        [Object],
45 silly install resolved        [Object],
45 silly install resolved        [Object],
45 silly install resolved        [Object],
45 silly install resolved        [Object],
45 silly install resolved        [Object],
45 silly install resolved        [Object],
45 silly install resolved        [Object],
45 silly install resolved        [Object],
45 silly install resolved        [Object],
45 silly install resolved        [Object],
45 silly install resolved        [Object],
45 silly install resolved        [Object],
45 silly install resolved        [Object],
45 silly install resolved        [Object],
45 silly install resolved        [Object],
45 silly install resolved        [Object],
45 silly install resolved        [Object],
45 silly install resolved        [Object],
45 silly install resolved        [Object],
45 silly install resolved        [Object],
45 silly install resolved        [Object],
45 silly install resolved        [Object],
45 silly install resolved        [Object],
45 silly install resolved        [Object],
45 silly install resolved        [Object],
45 silly install resolved        [Object],
45 silly install resolved        [Object],
45 silly install resolved        [Object],
45 silly install resolved        [Object],
45 silly install resolved        [Object],
45 silly install resolved        [Object],
45 silly install resolved        [Object],
45 silly install resolved        [Object],
45 silly install resolved        [Object],
45 silly install resolved        [Object],
45 silly install resolved        [Object],
45 silly install resolved        [Object],
45 silly install resolved        [Object],
45 silly install resolved        [Object],
45 silly install resolved        [Object],
45 silly install resolved        [Object],
45 silly install resolved        [Object],
45 silly install resolved        [Object],
45 silly install resolved        [Object],
45 silly install resolved        [Object],
45 silly install resolved        [Object],
45 silly install resolved        [Object],
45 silly install resolved        [Object],
45 silly install resolved        [Object],
45 silly install resolved        [Object],
45 silly install resolved        [Object],
45 silly install resolved        [Object],
45 silly install resolved        [Object],
45 silly install resolved        [Object],
45 silly install resolved        [Object],
45 silly install resolved        [Object],
45 silly install resolved        [Object],
45 silly install resolved        [Object],
45 silly install resolved        [Object],
45 silly install resolved        [Object],
45 silly install resolved        [Object],
45 silly install resolved        [Object],
45 silly install resolved        [Object],
45 silly install resolved        [Object],
45 silly install resolved        [Object],
45 silly install resolved        [Object],
45 silly install resolved        [Object],
45 silly install resolved        [Object],
45 silly install resolved        [Object],
45 silly install resolved        [Object],
45 silly install resolved        [Object],
45 silly install resolved        [Object],
45 silly install resolved        [Object],
45 silly install resolved        [Object],
45 silly install resolved        [Object],
45 silly install resolved        [Object],
45 silly install resolved        [Object],
45 silly install resolved        [Object],
45 silly install resolved        [Object],
45 silly install resolved        [Object],
45 silly install resolved        [Object],
45 silly install resolved        [Object],
45 silly install resolved        [Object],
45 silly install resolved        [Object],
45 silly install resolved        [Object],
45 silly install resolved        [Object],
45 silly install resolved        [Object],
45 silly install resolved        [Object],
45 silly install resolved        [Object],
45 silly install resolved        [Object],
45 silly install resolved        [Object],
45 silly install resolved        [Object],
45 silly install resolved        [Object],
45 silly install resolved        [Object],
45 silly install resolved        [Object],
45 silly install resolved        [Object],
45 silly install resolved        [Object],
45 silly install resolved        [Object],
45 silly install resolved        [Object],
45 silly install resolved        [Object],
45 silly install resolved        [Object],
45 silly install resolved        [Object],
45 silly install resolved        [Object],
45 silly install resolved        [Object],
45 silly install resolved        [Object],
45 silly install resolved        [Object],
45 silly install resolved        [Object],
45 silly install resolved        [Object],
45 silly install resolved        [Object],
45 silly install resolved        [Object],
45 silly install resolved        [Object],
45 silly install resolved        [Object],
45 silly install resolved        [Object],
45 silly install resolved        [Object],
45 silly install resolved        [Object],
45 silly install resolved        [Object],
45 silly install resolved        [Object],
45 silly install resolved        [Object],
45 silly install resolved        [Object],
45 silly install resolved        [Object],
45 silly install resolved        [Object],
45 silly install resolved        [Object],
45 silly install resolved        [Object],
45 silly install resolved        [Object],
45 silly install resolved        [Object],
45 silly install resolved        [Object],
45 silly install resolved        [Object],
45 silly install resolved        [Object],
45 silly install resolved        [Object],
45 silly install resolved        [Object],
45 silly install resolved        [Object],
45 silly install resolved        [Object],
45 silly install resolved        [Object],
45 silly install resolved        [Object],
45 silly install resolved        [Object],
45 silly install resolved        [Object],
45 silly install resolved        [Object],
45 silly install resolved        [Object],
45 silly install resolved        [Object],
45 silly install resolved        [Object],
45 silly install resolved        [Object],
45 silly install resolved        [Object],
45 silly install resolved        [Object],
45 silly install resolved        [Object],
45 silly install resolved        [Object],
45 silly install resolved        [Object],
45 silly install resolved        [Object],
45 silly install resolved        [Object],
45 silly install resolved        [Object],
45 silly install resolved        [Object],
45 silly install resolved        [Object],
45 silly install resolved        [Object],
45 silly install resolved        [Object],
45 silly install resolved        [Object],
45 silly install resolved        [Object],
45 silly install resolved        [Object],
45 silly install resolved        [Object],
45 silly install resolved        [Object],
45 silly install resolved        [Object],
45 silly install resolved        [Object],
45 silly install resolved        [Object],
45 silly install resolved        [Object],
45 silly install resolved        [Object],
45 silly install resolved        [Object],
45 silly install resolved        [Object],
45 silly install resolved        [Object],
45 silly install resolved        [Object],
45 silly install resolved        [Object],
45 silly install resolved        [Object],
45 silly install resolved        [Object],
45 silly install resolved        [Object],
45 silly install resolved        [Object],
45 silly install resolved        [Object],
45 silly install resolved        [Object],
45 silly install resolved        [Object],
45 silly install resolved        [Object],
45 silly install resolved        [Object],
45 silly install resolved        [Object],
45 silly install resolved        [Object],
45 silly install resolved        [Object],
45 silly install resolved        [Object],
45 silly install resolved        [Object],
45 silly install resolved        [Object],
45 silly install resolved        [Object],
45 silly install resolved        [Object],
45 silly install resolved        [Object],
45 silly install resolved        [Object],
45 silly install resolved        [Object],
45 silly install resolved        [Object],
45 silly install resolved        [Object],
45 silly install resolved        [Object],
45 silly install resolved        [Object],
45 silly install resolved        [Object],
45 silly install resolved        [Object],
45 silly install resolved        [Object],
45 silly install resolved        [Object],
45 silly install resolved        [Object],
45 silly install resolved        [Object],
45 silly install resolved        [Object],
45 silly install resolved        [Object],
45 silly install resolved        [Object],
45 silly install resolved        [Object],
45 silly install resolved        [Object],
45 silly install resolved        [Object],
45 silly install resolved        [Object] ],
45 silly install resolved     license: 'MIT',
45 silly install resolved     repository: { type: 'git', url: 'git://github.com/mochajs/mocha.git' },
45 silly install resolved     maintainers: [ [Object], [Object], [Object], [Object] ],
45 silly install resolved     main: './index',
45 silly install resolved     bin: { mocha: './bin/mocha', _mocha: './bin/_mocha' },
45 silly install resolved     engines: { node: '>= 0.8.x' },
45 silly install resolved     scripts: { test: 'make test-all' },
45 silly install resolved     dependencies:
45 silly install resolved      { commander: '2.3.0',
45 silly install resolved        debug: '2.0.0',
45 silly install resolved        diff: '1.4.0',
45 silly install resolved        'escape-string-regexp': '1.0.2',
45 silly install resolved        glob: '3.2.3',
45 silly install resolved        growl: '1.8.1',
45 silly install resolved        jade: '1.11.0',
45 silly install resolved        mkdirp: '0.5.0',
45 silly install resolved        'supports-color': '1.2.0' },
45 silly install resolved     devDependencies:
45 silly install resolved      { 'browser-stdout': '^1.2.0',
45 silly install resolved        browserify: '10.2.4',
45 silly install resolved        'coffee-script': '~1.8.0',
45 silly install resolved        eslint: '^1.2.1',
45 silly install resolved        should: '~4.0.0',
45 silly install resolved        through2: '~0.6.5' },
45 silly install resolved     files:
45 silly install resolved      [ 'bin',
45 silly install resolved        'images',
45 silly install resolved        'lib',
45 silly install resolved        'index.js',
45 silly install resolved        'mocha.css',
45 silly install resolved        'mocha.js',
45 silly install resolved        'LICENSE' ],
45 silly install resolved     browser:
45 silly install resolved      { debug: './lib/browser/debug.js',
45 silly install resolved        events: './lib/browser/events.js',
45 silly install resolved        tty: './lib/browser/tty.js' },
45 silly install resolved     licenses: [ [Object] ],
45 silly install resolved     gitHead: '4c4d4d96297e9bdd1c532717a7ad0b1d3946f3ee',
45 silly install resolved     bugs: { url: 'https://github.com/mochajs/mocha/issues' },
45 silly install resolved     homepage: 'https://github.com/mochajs/mocha#readme',
45 silly install resolved     _id: 'mocha@2.3.2',
45 silly install resolved     _shasum: '4cd71c4f91cb5e02e0d487b7c69db86ada6e8b83',
45 silly install resolved     _from: 'mocha@*',
45 silly install resolved     _npmVersion: '2.13.3',
45 silly install resolved     _nodeVersion: '3.3.0',
45 silly install resolved     _npmUser: { name: 'boneskull', email: 'chiller@badwing.com' },
45 silly install resolved     dist:
45 silly install resolved      { shasum: '4cd71c4f91cb5e02e0d487b7c69db86ada6e8b83',
45 silly install resolved        tarball: 'http://registry.npmjs.org/mocha/-/mocha-2.3.2.tgz' },
45 silly install resolved     directories: {},
45 silly install resolved     _resolved: 'https://registry.npmjs.org/mocha/-/mocha-2.3.2.tgz' } ]
46 info install mocha@2.3.2 into /usr/local/lib
47 info installOne mocha@2.3.2
48 verbose installOne of mocha to /usr/local/lib not in flight; installing
49 verbose makeDirectory /home/finn/.npm/_locks creation not in flight; initializing
50 silly makeDirectory /home/finn/.npm/_locks uid: 1000 gid: 1000
51 verbose lock using /home/finn/.npm/_locks/mocha-1cb4102bb5230051.lock for /usr/local/lib/node_modules/mocha
52 warn engine mocha@2.3.2: wanted: {"node":">= 0.8.x"} (current: {"node":"5.0.0-pre","npm":"2.14.3"})
53 silly install write writing mocha 2.3.2 to /usr/local/lib/node_modules/mocha
54 verbose unbuild lib/node_modules/mocha
55 silly gentlyRm /usr/local/lib/node_modules/mocha is being purged from base /usr/local
56 verbose gentlyRm don't care about contents; nuking /usr/local/lib/node_modules/mocha
57 verbose tar unpack /home/finn/.npm/mocha/2.3.2/package.tgz
58 verbose tar unpacking to /usr/local/lib/node_modules/mocha
59 silly gentlyRm /usr/local/lib/node_modules/mocha is being purged
60 verbose gentlyRm don't care about contents; nuking /usr/local/lib/node_modules/mocha
61 silly gunzTarPerm modes [ '775', '664' ]
62 error tar.unpack untar error /home/finn/.npm/mocha/2.3.2/package.tgz
63 verbose unlock done using /home/finn/.npm/_locks/mocha-1cb4102bb5230051.lock for /usr/local/lib/node_modules/mocha
64 verbose fstream_path /usr/local/lib/node_modules/mocha
65 verbose fstream_type Directory
66 verbose fstream_class DirWriter
67 verbose stack Error: EACCES: permission denied, mkdir '/usr/local/lib/node_modules/mocha'
67 verbose stack     at Error (native)
68 verbose fstream_stack /usr/local/lib/node_modules/npm/node_modules/fstream/lib/dir-writer.js:35:25
68 verbose fstream_stack /usr/local/lib/node_modules/npm/node_modules/mkdirp/index.js:47:53
68 verbose fstream_stack FSReqWrap.oncomplete (fs.js:82:15)
69 verbose cwd /home/finn/workspace/wrapper_libs/runthered_node/examples
70 error Linux 3.11.10-301.fc20.x86_64
71 error argv "/usr/local/bin/node" "/usr/local/bin/npm" "install" "-g" "mocha"
72 error node v5.0.0-pre
73 error npm  v2.14.3
74 error path /usr/local/lib/node_modules/mocha
75 error code EACCES
76 error errno -13
77 error syscall mkdir
78 error Error: EACCES: permission denied, mkdir '/usr/local/lib/node_modules/mocha'
78 error     at Error (native)
78 error  { [Error: EACCES: permission denied, mkdir '/usr/local/lib/node_modules/mocha']
78 error   errno: -13,
78 error   code: 'EACCES',
78 error   syscall: 'mkdir',
78 error   path: '/usr/local/lib/node_modules/mocha',
78 error   fstream_type: 'Directory',
78 error   fstream_path: '/usr/local/lib/node_modules/mocha',
78 error   fstream_class: 'DirWriter',
78 error   fstream_stack:
78 error    [ '/usr/local/lib/node_modules/npm/node_modules/fstream/lib/dir-writer.js:35:25',
78 error      '/usr/local/lib/node_modules/npm/node_modules/mkdirp/index.js:47:53',
78 error      'FSReqWrap.oncomplete (fs.js:82:15)' ] }
79 error Please try running this command again as root/Administrator.
80 verbose exit [ -13, true ]
81 verbose unbuild lib/node_modules/mocha
82 silly gentlyRm /usr/local/lib/node_modules/mocha is being purged from base /usr/local
83 verbose gentlyRm don't care about contents; nuking /usr/local/lib/node_modules/mocha
